# JRE version: Java(TM) SE Runtime Environment (17.0.7+8) (build 17.0.7+8-LTS-224)
# Java VM: Java HotSpot(TM) 64-Bit Server VM (17.0.7+8-LTS-224, mixed mode, sharing, tiered, compressed oops, compressed class ptrs, g1 gc, windows-amd64)
GC Precious Log:
 CPUs: 8 total, 8 available
 Memory: 7991M
 Large Page Support: Disabled
 NUMA Support: Disabled
 Compressed Oops: Enabled (32-bit)
 Heap Region Size: 1M
 Heap Min Capacity: 8M
 Heap Initial Capacity: 126M
 Heap Max Capacity: 1998M
 Pre-touch: Disabled
 Parallel Workers: 8
 Concurrent Workers: 2
 Concurrent Refinement Workers: 8
 Periodic GC: Disabled
Heap:
 garbage-first heap   total 86016K, used 25417K [0x0000000083200000, 0x0000000100000000)
  region size 1024K, 9 young (9216K), 4 survivors (4096K)
 Metaspace       used 51505K, committed 51968K, reserved 1097728K
  class space    used 7205K, committed 7424K, reserved 1048576K
GC Heap History (20 events):
Event: 1.005 GC heap before
{Heap before GC invocations=0 (full 0):
 garbage-first heap   total 129024K, used 24576K [0x0000000083200000, 0x0000000100000000)
  region size 1024K, 23 young (23552K), 0 survivors (0K)
 Metaspace       used 5498K, committed 5632K, reserved 1056768K
  class space    used 712K, committed 768K, reserved 1048576K
}
Event: 1.042 GC heap after
{Heap after GC invocations=1 (full 0):
 garbage-first heap   total 129024K, used 7439K [0x0000000083200000, 0x0000000100000000)
  region size 1024K, 3 young (3072K), 3 survivors (3072K)
 Metaspace       used 5498K, committed 5632K, reserved 1056768K
  class space    used 712K, committed 768K, reserved 1048576K
}
Event: 1.864 GC heap before
{Heap before GC invocations=1 (full 0):
 garbage-first heap   total 129024K, used 30991K [0x0000000083200000, 0x0000000100000000)
  region size 1024K, 26 young (26624K), 3 survivors (3072K)
 Metaspace       used 11635K, committed 11840K, reserved 1064960K
  class space    used 1532K, committed 1600K, reserved 1048576K
}
Event: 1.871 GC heap after
{Heap after GC invocations=2 (full 0):
 garbage-first heap   total 129024K, used 9295K [0x0000000083200000, 0x0000000100000000)
  region size 1024K, 2 young (2048K), 2 survivors (2048K)
 Metaspace       used 11635K, committed 11840K, reserved 1064960K
  class space    used 1532K, committed 1600K, reserved 1048576K
}
Event: 3.542 GC heap before
{Heap before GC invocations=2 (full 0):
 garbage-first heap   total 129024K, used 59471K [0x0000000083200000, 0x0000000100000000)
  region size 1024K, 51 young (52224K), 2 survivors (2048K)
 Metaspace       used 19990K, committed 20352K, reserved 1073152K
  class space    used 2703K, committed 2816K, reserved 1048576K
}
Event: 3.555 GC heap after
{Heap after GC invocations=3 (full 0):
 garbage-first heap   total 129024K, used 12984K [0x0000000083200000, 0x0000000100000000)
  region size 1024K, 6 young (6144K), 6 survivors (6144K)
 Metaspace       used 19990K, committed 20352K, reserved 1073152K
  class space    used 2703K, committed 2816K, reserved 1048576K
}
Event: 3.726 GC heap before
{Heap before GC invocations=3 (full 0):
 garbage-first heap   total 129024K, used 17080K [0x0000000083200000, 0x0000000100000000)
  region size 1024K, 11 young (11264K), 6 survivors (6144K)
 Metaspace       used 21160K, committed 21504K, reserved 1073152K
  class space    used 2842K, committed 3008K, reserved 1048576K
}
Event: 3.734 GC heap after
{Heap after GC invocations=4 (full 0):
 garbage-first heap   total 129024K, used 13581K [0x0000000083200000, 0x0000000100000000)
  region size 1024K, 5 young (5120K), 5 survivors (5120K)
 Metaspace       used 21160K, committed 21504K, reserved 1073152K
  class space    used 2842K, committed 3008K, reserved 1048576K
}
Event: 4.571 GC heap before
{Heap before GC invocations=5 (full 0):
 garbage-first heap   total 51200K, used 39181K [0x0000000083200000, 0x0000000100000000)
  region size 1024K, 30 young (30720K), 5 survivors (5120K)
 Metaspace       used 27780K, committed 28160K, reserved 1081344K
  class space    used 3805K, committed 3968K, reserved 1048576K
}
Event: 4.585 GC heap after
{Heap after GC invocations=6 (full 0):
 garbage-first heap   total 51200K, used 14856K [0x0000000083200000, 0x0000000100000000)
  region size 1024K, 2 young (2048K), 2 survivors (2048K)
 Metaspace       used 27780K, committed 28160K, reserved 1081344K
  class space    used 3805K, committed 3968K, reserved 1048576K
}
Event: 4.640 GC heap before
{Heap before GC invocations=6 (full 0):
 garbage-first heap   total 51200K, used 15880K [0x0000000083200000, 0x0000000100000000)
  region size 1024K, 3 young (3072K), 2 survivors (2048K)
 Metaspace       used 28379K, committed 28736K, reserved 1081344K
  class space    used 3865K, committed 4032K, reserved 1048576K
}
Event: 4.647 GC heap after
{Heap after GC invocations=7 (full 0):
 garbage-first heap   total 51200K, used 15478K [0x0000000083200000, 0x0000000100000000)
  region size 1024K, 1 young (1024K), 1 survivors (1024K)
 Metaspace       used 28379K, committed 28736K, reserved 1081344K
  class space    used 3865K, committed 4032K, reserved 1048576K
}
Event: 5.443 GC heap before
{Heap before GC invocations=7 (full 0):
 garbage-first heap   total 51200K, used 30838K [0x0000000083200000, 0x0000000100000000)
  region size 1024K, 17 young (17408K), 1 survivors (1024K)
 Metaspace       used 35803K, committed 36224K, reserved 1081344K
  class space    used 4817K, committed 4992K, reserved 1048576K
}
Event: 5.450 GC heap after
{Heap after GC invocations=8 (full 0):
 garbage-first heap   total 51200K, used 17175K [0x0000000083200000, 0x0000000100000000)
  region size 1024K, 3 young (3072K), 3 survivors (3072K)
 Metaspace       used 35803K, committed 36224K, reserved 1081344K
  class space    used 4817K, committed 4992K, reserved 1048576K
}
Event: 5.966 GC heap before
{Heap before GC invocations=9 (full 0):
 garbage-first heap   total 51200K, used 36631K [0x0000000083200000, 0x0000000100000000)
  region size 1024K, 22 young (22528K), 3 survivors (3072K)
 Metaspace       used 40728K, committed 41152K, reserved 1089536K
  class space    used 5559K, committed 5760K, reserved 1048576K
}
Event: 5.973 GC heap after
{Heap after GC invocations=10 (full 0):
 garbage-first heap   total 86016K, used 18437K [0x0000000083200000, 0x0000000100000000)
  region size 1024K, 2 young (2048K), 2 survivors (2048K)
 Metaspace       used 40728K, committed 41152K, reserved 1089536K
  class space    used 5559K, committed 5760K, reserved 1048576K
}
Event: 6.070 GC heap before
{Heap before GC invocations=10 (full 0):
 garbage-first heap   total 86016K, used 20485K [0x0000000083200000, 0x0000000100000000)
  region size 1024K, 4 young (4096K), 2 survivors (2048K)
 Metaspace       used 41753K, committed 42176K, reserved 1089536K
  class space    used 5670K, committed 5888K, reserved 1048576K
}
Event: 6.080 GC heap after
{Heap after GC invocations=11 (full 0):
 garbage-first heap   total 86016K, used 18388K [0x0000000083200000, 0x0000000100000000)
  region size 1024K, 1 young (1024K), 1 survivors (1024K)
 Metaspace       used 41753K, committed 42176K, reserved 1089536K
  class space    used 5670K, committed 5888K, reserved 1048576K
}
Event: 7.399 GC heap before
{Heap before GC invocations=11 (full 0):
 garbage-first heap   total 86016K, used 65492K [0x0000000083200000, 0x0000000100000000)
  region size 1024K, 47 young (48128K), 1 survivors (1024K)
 Metaspace       used 50452K, committed 50880K, reserved 1097728K
  class space    used 7046K, committed 7232K, reserved 1048576K
}
Event: 7.410 GC heap after
{Heap after GC invocations=12 (full 0):
 garbage-first heap   total 86016K, used 21321K [0x0000000083200000, 0x0000000100000000)
  region size 1024K, 4 young (4096K), 4 survivors (4096K)
 Metaspace       used 50452K, committed 50880K, reserved 1097728K
  class space    used 7046K, committed 7232K, reserved 1048576K
}

